<?xml version="1.0" encoding="UTF-8"?>
<testsuite name="RationalTest" tests="5" skipped="0" failures="0" errors="0" timestamp="2022-09-13T14:50:15" hostname="Thanboons-MacBook-Air.local" time="0.003">
  <properties/>
  <testcase name="testAdd" classname="RationalTest" time="0.002"/>
  <testcase name="testSubtract" classname="RationalTest" time="0.001"/>
  <testcase name="testDivide" classname="RationalTest" time="0.0"/>
  <testcase name="testEquals" classname="RationalTest" time="0.0"/>
  <testcase name="testMultiply" classname="RationalTest" time="0.0"/>
  <system-out><![CDATA[]]></system-out>
  <system-err><![CDATA[]]></system-err>
</testsuite>
